2025-10-12 12:50:36,063 - INFO - Firebase initialized successfully
2025-10-12 12:50:36,623 - INFO - Data saved locally to output\time_data_20251012_125036.json
2025-10-12 12:50:37,737 - INFO - Data saved to Firebase successfully
2025-10-12 12:50:37,741 - INFO - Data collection completed successfully
2025-10-12 12:59:38,921 - INFO - Firebase initialized successfully
2025-10-12 12:59:39,428 - INFO - Data saved locally to output\time_data_20251012_125939.json
2025-10-12 12:59:40,552 - INFO - Data saved to Firebase successfully
2025-10-12 12:59:40,553 - INFO - Data collection completed successfully
2025-10-12 13:03:53,599 - INFO - Firebase initialized successfully
2025-10-12 13:03:54,154 - INFO - Data saved locally to output\time_data_20251012_130354.json
2025-10-12 13:03:55,296 - INFO - Data saved to Firebase successfully
2025-10-12 13:03:55,313 - INFO - Data collection completed successfully
2025-10-12 13:09:30,379 - INFO - Firebase initialized successfully
2025-10-12 13:09:30,946 - INFO - Data saved locally to output\time_data_20251012_130930.json
2025-10-12 13:09:32,094 - INFO - Data saved to Firebase successfully
2025-10-12 13:09:32,095 - INFO - Data collection completed successfully
2025-10-12 13:17:05,964 - INFO - Firebase initialized successfully
2025-10-12 13:17:06,759 - INFO - Data saved locally to output\time_data_20251012_131706.json
2025-10-12 13:17:08,161 - INFO - Data saved to Firebase successfully
2025-10-12 13:17:08,162 - INFO - Data collection completed successfully
2025-10-12 13:48:15,302 - INFO - Firebase initialized successfully
2025-10-12 14:16:36,994 - INFO - Firebase initialized successfully
2025-10-12 14:23:03,693 - INFO - Firebase initialized successfully
2025-10-12 14:23:06,371 - INFO - Data saved locally to output\time_data_20251012_142306.json
2025-10-12 14:23:07,830 - INFO - Data saved to Firebase successfully
2025-10-12 14:23:07,831 - INFO - Data collection completed successfully
2025-10-12 14:23:35,355 - INFO - Firebase initialized successfully
2025-10-12 14:37:00,241 - INFO - Firebase initialized successfully
2025-10-12 14:37:34,683 - INFO - Firebase initialized successfully
2025-10-12 14:50:23,661 - INFO - Firebase initialized successfully
2025-10-12 14:50:24,375 - INFO - Data saved locally to output\time_data_20251012_145024.json
2025-10-12 14:50:25,783 - INFO - Data saved to Firebase successfully
2025-10-12 14:50:25,783 - INFO - Data collection completed successfully
2025-10-12 14:58:24,096 - INFO - Firebase initialized successfully
2025-10-12 15:08:30,618 - INFO - Firebase initialized successfully
2025-10-12 15:08:31,573 - ERROR - Failed to parse time data: ResultSet object has no attribute "length". You're probably treating a list of elements like a single element. Did you call find_all() when you meant to call find()?
2025-10-12 15:08:31,573 - ERROR - Error in main execution: ResultSet object has no attribute "length". You're probably treating a list of elements like a single element. Did you call find_all() when you meant to call find()?
2025-10-12 15:08:31,574 - ERROR - Application failed: ResultSet object has no attribute "length". You're probably treating a list of elements like a single element. Did you call find_all() when you meant to call find()?
2025-10-12 15:09:24,306 - INFO - Firebase initialized successfully
2025-10-12 15:09:25,136 - ERROR - Failed to parse time data: ResultSet object has no attribute "length". You're probably treating a list of elements like a single element. Did you call find_all() when you meant to call find()?
2025-10-12 15:09:25,137 - ERROR - Error in main execution: ResultSet object has no attribute "length". You're probably treating a list of elements like a single element. Did you call find_all() when you meant to call find()?
2025-10-12 15:09:25,137 - ERROR - Application failed: ResultSet object has no attribute "length". You're probably treating a list of elements like a single element. Did you call find_all() when you meant to call find()?
2025-10-12 15:09:48,345 - INFO - Firebase initialized successfully
2025-10-12 15:09:49,125 - ERROR - Failed to parse time data: ResultSet object has no attribute "length". You're probably treating a list of elements like a single element. Did you call find_all() when you meant to call find()?
2025-10-12 15:09:49,125 - ERROR - Error in main execution: ResultSet object has no attribute "length". You're probably treating a list of elements like a single element. Did you call find_all() when you meant to call find()?
2025-10-12 15:09:49,126 - ERROR - Application failed: ResultSet object has no attribute "length". You're probably treating a list of elements like a single element. Did you call find_all() when you meant to call find()?
2025-10-12 15:10:22,763 - INFO - Firebase initialized successfully
2025-10-12 15:10:23,530 - ERROR - Failed to parse time data: ResultSet object has no attribute "length". You're probably treating a list of elements like a single element. Did you call find_all() when you meant to call find()?
2025-10-12 15:10:23,530 - ERROR - Error in main execution: ResultSet object has no attribute "length". You're probably treating a list of elements like a single element. Did you call find_all() when you meant to call find()?
2025-10-12 15:10:23,530 - ERROR - Application failed: ResultSet object has no attribute "length". You're probably treating a list of elements like a single element. Did you call find_all() when you meant to call find()?
2025-10-12 15:10:37,264 - INFO - Firebase initialized successfully
2025-10-12 15:10:38,063 - ERROR - Failed to parse time data: ResultSet object has no attribute "size". You're probably treating a list of elements like a single element. Did you call find_all() when you meant to call find()?
2025-10-12 15:10:38,063 - ERROR - Error in main execution: ResultSet object has no attribute "size". You're probably treating a list of elements like a single element. Did you call find_all() when you meant to call find()?
2025-10-12 15:10:38,063 - ERROR - Application failed: ResultSet object has no attribute "size". You're probably treating a list of elements like a single element. Did you call find_all() when you meant to call find()?
2025-10-12 15:11:35,766 - INFO - Firebase initialized successfully
2025-10-12 15:11:36,547 - ERROR - Failed to parse time data: 'list' object has no attribute 'find_all'
2025-10-12 15:11:36,547 - ERROR - Error in main execution: 'list' object has no attribute 'find_all'
2025-10-12 15:11:36,548 - ERROR - Application failed: 'list' object has no attribute 'find_all'
2025-10-12 15:12:08,346 - INFO - Firebase initialized successfully
2025-10-12 15:13:04,546 - INFO - Data saved locally to output\time_data_20251012_151304.json
2025-10-12 15:13:06,026 - INFO - Data saved to Firebase successfully
2025-10-12 15:13:06,028 - INFO - Data collection completed successfully
2025-10-12 15:15:11,325 - INFO - Firebase initialized successfully
2025-10-12 16:12:56,692 - INFO - Firebase initialized successfully
2025-10-12 16:12:57,431 - INFO - Data collection completed successfully
2025-10-12 16:13:13,750 - INFO - Firebase initialized successfully
2025-10-12 16:13:14,466 - INFO - Data collection completed successfully
2025-10-12 16:18:12,861 - INFO - Firebase initialized successfully
2025-10-12 16:18:13,621 - INFO - Data collection completed successfully
